C:\Github\ExpenseTracker\ExpenseTracker\expense-tracker\dist\out-tsc\e2e\src\app.po.js
C:\Github\ExpenseTracker\ExpenseTracker\expense-tracker\dist\out-tsc\e2e\src\app.po.js.map
C:\Github\ExpenseTracker\ExpenseTracker\expense-tracker\dist\out-tsc\e2e\src\app.e2e-spec.js
C:\Github\ExpenseTracker\ExpenseTracker\expense-tracker\dist\out-tsc\e2e\src\app.e2e-spec.js.map
C:\Github\ExpenseTracker\ExpenseTracker\expense-tracker\dist\out-tsc\src\app\Pages\error\error.component.js
C:\Github\ExpenseTracker\ExpenseTracker\expense-tracker\dist\out-tsc\src\app\Pages\error\error.component.js.map
C:\Github\ExpenseTracker\ExpenseTracker\expense-tracker\dist\out-tsc\src\app\Services\signal-r.service.js
C:\Github\ExpenseTracker\ExpenseTracker\expense-tracker\dist\out-tsc\src\app\Services\signal-r.service.js.map
C:\Github\ExpenseTracker\ExpenseTracker\expense-tracker\dist\out-tsc\src\app\Services\app-logic\app-logic-signalr.service.js
C:\Github\ExpenseTracker\ExpenseTracker\expense-tracker\dist\out-tsc\src\app\Services\app-logic\app-logic-signalr.service.js.map
C:\Github\ExpenseTracker\ExpenseTracker\expense-tracker\dist\out-tsc\src\app\Services\app-logic\app-logic-main.service.js
C:\Github\ExpenseTracker\ExpenseTracker\expense-tracker\dist\out-tsc\src\app\Services\app-logic\app-logic-main.service.js.map
C:\Github\ExpenseTracker\ExpenseTracker\expense-tracker\dist\out-tsc\src\app\Services\speech.service.js
C:\Github\ExpenseTracker\ExpenseTracker\expense-tracker\dist\out-tsc\src\app\Services\speech.service.js.map
C:\Github\ExpenseTracker\ExpenseTracker\expense-tracker\dist\out-tsc\src\app\Pages\home\home.component.js
C:\Github\ExpenseTracker\ExpenseTracker\expense-tracker\dist\out-tsc\src\app\Pages\home\home.component.js.map
C:\Github\ExpenseTracker\ExpenseTracker\expense-tracker\dist\out-tsc\src\app\Pages\login\login.component.js
C:\Github\ExpenseTracker\ExpenseTracker\expense-tracker\dist\out-tsc\src\app\Pages\login\login.component.js.map
C:\Github\ExpenseTracker\ExpenseTracker\expense-tracker\dist\out-tsc\src\app\app-routing.module.js
C:\Github\ExpenseTracker\ExpenseTracker\expense-tracker\dist\out-tsc\src\app\app-routing.module.js.map
C:\Github\ExpenseTracker\ExpenseTracker\expense-tracker\dist\out-tsc\src\app\app.component.js
C:\Github\ExpenseTracker\ExpenseTracker\expense-tracker\dist\out-tsc\src\app\app.component.js.map
C:\Github\ExpenseTracker\ExpenseTracker\expense-tracker\dist\out-tsc\src\app\Components\listen\listen.component.js
C:\Github\ExpenseTracker\ExpenseTracker\expense-tracker\dist\out-tsc\src\app\Components\listen\listen.component.js.map
C:\Github\ExpenseTracker\ExpenseTracker\expense-tracker\dist\out-tsc\src\app\Components\sidebar\sidebar.component.js
C:\Github\ExpenseTracker\ExpenseTracker\expense-tracker\dist\out-tsc\src\app\Components\sidebar\sidebar.component.js.map
C:\Github\ExpenseTracker\ExpenseTracker\expense-tracker\dist\out-tsc\src\app\material.module.js
C:\Github\ExpenseTracker\ExpenseTracker\expense-tracker\dist\out-tsc\src\app\material.module.js.map
C:\Github\ExpenseTracker\ExpenseTracker\expense-tracker\dist\out-tsc\src\app\app.module.js
C:\Github\ExpenseTracker\ExpenseTracker\expense-tracker\dist\out-tsc\src\app\app.module.js.map
C:\Github\ExpenseTracker\ExpenseTracker\expense-tracker\dist\out-tsc\src\environments\environment.js
C:\Github\ExpenseTracker\ExpenseTracker\expense-tracker\dist\out-tsc\src\environments\environment.js.map
C:\Github\ExpenseTracker\ExpenseTracker\expense-tracker\dist\out-tsc\src\main.js
C:\Github\ExpenseTracker\ExpenseTracker\expense-tracker\dist\out-tsc\src\main.js.map
C:\Github\ExpenseTracker\ExpenseTracker\expense-tracker\dist\out-tsc\src\polyfills.js
C:\Github\ExpenseTracker\ExpenseTracker\expense-tracker\dist\out-tsc\src\polyfills.js.map
C:\Github\ExpenseTracker\ExpenseTracker\expense-tracker\dist\out-tsc\src\test.js
C:\Github\ExpenseTracker\ExpenseTracker\expense-tracker\dist\out-tsc\src\test.js.map
C:\Github\ExpenseTracker\ExpenseTracker\expense-tracker\dist\out-tsc\src\app\Config\AppConfig.js
C:\Github\ExpenseTracker\ExpenseTracker\expense-tracker\dist\out-tsc\src\app\Config\AppConfig.js.map
C:\Github\ExpenseTracker\ExpenseTracker\expense-tracker\dist\out-tsc\src\app\Models\CategoryModel.js
C:\Github\ExpenseTracker\ExpenseTracker\expense-tracker\dist\out-tsc\src\app\Models\CategoryModel.js.map
C:\Github\ExpenseTracker\ExpenseTracker\expense-tracker\dist\out-tsc\src\app\Models\ExpenseModel.js
C:\Github\ExpenseTracker\ExpenseTracker\expense-tracker\dist\out-tsc\src\app\Models\ExpenseModel.js.map
C:\Github\ExpenseTracker\ExpenseTracker\expense-tracker\dist\out-tsc\src\app\Models\UserModel.js
C:\Github\ExpenseTracker\ExpenseTracker\expense-tracker\dist\out-tsc\src\app\Models\UserModel.js.map
C:\Github\ExpenseTracker\ExpenseTracker\expense-tracker\dist\out-tsc\src\environments\environment.prod.js
C:\Github\ExpenseTracker\ExpenseTracker\expense-tracker\dist\out-tsc\src\environments\environment.prod.js.map
